This file contains any messages produced by compilers while
running configure, to aid debugging if configure makes a mistake.

It was created by linux-gpib-user configure 4.3.6, which was
generated by GNU Autoconf 2.71.  Invocation command line was

  $ ./configure

## --------- ##
## Platform. ##
## --------- ##

hostname = murderbot
uname -m = x86_64
uname -r = 6.2.0-37-generic
uname -s = Linux
uname -v = #38~22.04.1-Ubuntu SMP PREEMPT_DYNAMIC Thu Nov  2 18:01:13 UTC 2

/usr/bin/uname -p = x86_64
/bin/uname -X     = unknown

/bin/arch              = x86_64
/usr/bin/arch -k       = unknown
/usr/convex/getsysinfo = unknown
/usr/bin/hostinfo      = unknown
/bin/machine           = unknown
/usr/bin/oslevel       = unknown
/bin/universe          = unknown

PATH: /home/jacob/.nvm/versions/node/v21.2.0/bin/
PATH: /home/jacob/.platformio/packages/tool-teensy/
PATH: /home/jacob/.local/bin/
PATH: /home/jacob/bin/
PATH: /home/jacob/.cargo/bin/
PATH: /home/jacob/.platformio/packages/tool-teensy/
PATH: /home/jacob/.local/bin/
PATH: /home/jacob/bin/
PATH: /home/jacob/.cargo/bin/
PATH: /home/jacob/.cargo/bin/
PATH: /home/jacob/.local/bin/
PATH: /home/jacob/bin/
PATH: /usr/local/sbin/
PATH: /usr/local/bin/
PATH: /usr/sbin/
PATH: /usr/bin/
PATH: /sbin/
PATH: /bin/
PATH: /usr/games/
PATH: /usr/local/games/
PATH: /snap/bin/
PATH: /snap/bin/


## ----------- ##
## Core tests. ##
## ----------- ##

configure:2637: looking for aux files: ltmain.sh compile config.guess config.sub missing install-sh
configure:2650:  trying ./
configure:2679:   ./ltmain.sh found
configure:2679:   ./compile found
configure:2679:   ./config.guess found
configure:2679:   ./config.sub found
configure:2679:   ./missing found
configure:2661:   ./install-sh found
configure:2823: checking for a BSD-compatible install
configure:2896: result: /usr/bin/install -c
configure:2907: checking whether build environment is sane
configure:2962: result: yes
configure:3121: checking for a race-free mkdir -p
configure:3165: result: /usr/bin/mkdir -p
configure:3172: checking for gawk
configure:3207: result: no
configure:3172: checking for mawk
configure:3193: found /usr/bin/mawk
configure:3204: result: mawk
configure:3215: checking whether make sets $(MAKE)
configure:3238: result: yes
configure:3268: checking whether make supports nested variables
configure:3286: result: yes
configure:3423: checking whether to enable maintainer-specific portions of Makefiles
configure:3433: result: no
configure:3463: checking build system type
configure:3478: result: x86_64-pc-linux-gnu
configure:3498: checking host system type
configure:3512: result: x86_64-pc-linux-gnu
configure:3728: checking for gcc
configure:3749: found /usr/bin/gcc
configure:3760: result: gcc
configure:4113: checking for C compiler version
configure:4122: gcc --version >&5
gcc (Ubuntu 11.4.0-1ubuntu1~22.04) 11.4.0
Copyright (C) 2021 Free Software Foundation, Inc.
This is free software; see the source for copying conditions.  There is NO
warranty; not even for MERCHANTABILITY or FITNESS FOR A PARTICULAR PURPOSE.

configure:4133: $? = 0
configure:4122: gcc -v >&5
Using built-in specs.
COLLECT_GCC=gcc
COLLECT_LTO_WRAPPER=/usr/lib/gcc/x86_64-linux-gnu/11/lto-wrapper
OFFLOAD_TARGET_NAMES=nvptx-none:amdgcn-amdhsa
OFFLOAD_TARGET_DEFAULT=1
Target: x86_64-linux-gnu
Configured with: ../src/configure -v --with-pkgversion='Ubuntu 11.4.0-1ubuntu1~22.04' --with-bugurl=file:///usr/share/doc/gcc-11/README.Bugs --enable-languages=c,ada,c++,go,brig,d,fortran,objc,obj-c++,m2 --prefix=/usr --with-gcc-major-version-only --program-suffix=-11 --program-prefix=x86_64-linux-gnu- --enable-shared --enable-linker-build-id --libexecdir=/usr/lib --without-included-gettext --enable-threads=posix --libdir=/usr/lib --enable-nls --enable-bootstrap --enable-clocale=gnu --enable-libstdcxx-debug --enable-libstdcxx-time=yes --with-default-libstdcxx-abi=new --enable-gnu-unique-object --disable-vtable-verify --enable-plugin --enable-default-pie --with-system-zlib --enable-libphobos-checking=release --with-target-system-zlib=auto --enable-objc-gc=auto --enable-multiarch --disable-werror --enable-cet --with-arch-32=i686 --with-abi=m64 --with-multilib-list=m32,m64,mx32 --enable-multilib --with-tune=generic --enable-offload-targets=nvptx-none=/build/gcc-11-XeT9lY/gcc-11-11.4.0/debian/tmp-nvptx/usr,amdgcn-amdhsa=/build/gcc-11-XeT9lY/gcc-11-11.4.0/debian/tmp-gcn/usr --without-cuda-driver --enable-checking=release --build=x86_64-linux-gnu --host=x86_64-linux-gnu --target=x86_64-linux-gnu --with-build-config=bootstrap-lto-lean --enable-link-serialization=2
Thread model: posix
Supported LTO compression algorithms: zlib zstd
gcc version 11.4.0 (Ubuntu 11.4.0-1ubuntu1~22.04) 
... rest of stderr output deleted ...
configure:4133: $? = 0
configure:4122: gcc -V >&5
gcc: error: unrecognized command-line option '-V'
gcc: fatal error: no input files
compilation terminated.
configure:4133: $? = 1
configure:4122: gcc -qversion >&5
gcc: error: unrecognized command-line option '-qversion'; did you mean '--version'?
gcc: fatal error: no input files
compilation terminated.
configure:4133: $? = 1
configure:4122: gcc -version >&5
gcc: error: unrecognized command-line option '-version'
gcc: fatal error: no input files
compilation terminated.
configure:4133: $? = 1
configure:4153: checking whether the C compiler works
configure:4175: gcc    conftest.c  >&5
configure:4179: $? = 0
configure:4229: result: yes
configure:4232: checking for C compiler default output file name
configure:4234: result: a.out
configure:4240: checking for suffix of executables
configure:4247: gcc -o conftest    conftest.c  >&5
configure:4251: $? = 0
configure:4274: result: 
configure:4296: checking whether we are cross compiling
configure:4304: gcc -o conftest    conftest.c  >&5
configure:4308: $? = 0
configure:4315: ./conftest
configure:4319: $? = 0
configure:4334: result: no
configure:4339: checking for suffix of object files
configure:4362: gcc -c   conftest.c >&5
configure:4366: $? = 0
configure:4388: result: o
configure:4392: checking whether the compiler supports GNU C
configure:4412: gcc -c   conftest.c >&5
configure:4412: $? = 0
configure:4422: result: yes
configure:4433: checking whether gcc accepts -g
configure:4454: gcc -c -g  conftest.c >&5
configure:4454: $? = 0
configure:4498: result: yes
configure:4518: checking for gcc option to enable C11 features
configure:4533: gcc  -c -g -O2  conftest.c >&5
configure:4533: $? = 0
configure:4551: result: none needed
configure:4667: checking whether gcc understands -c and -o together
configure:4690: gcc -c conftest.c -o conftest2.o
configure:4693: $? = 0
configure:4690: gcc -c conftest.c -o conftest2.o
configure:4693: $? = 0
configure:4705: result: yes
configure:4725: checking whether make supports the include directive
configure:4740: make -f confmf.GNU && cat confinc.out
this is the am__doit target
configure:4743: $? = 0
configure:4762: result: yes (GNU style)
configure:4788: checking dependency style of gcc
configure:4900: result: gcc3
configure:4921: checking for flex
configure:4942: found /usr/bin/flex
configure:4953: result: flex
configure:5002: checking for lex output file root
configure:5015: flex conftest.l
configure:5019: $? = 0
configure:5027: result: lex.yy
configure:5042: checking for lex library
configure:5067: gcc -o conftest -g -O2   conftest.c  >&5
configure:5067: $? = 0
configure:5080: result: none needed
configure:5100: checking whether yytext is a pointer
configure:5116: gcc -c -g -O2  conftest.c >&5
configure:5116: $? = 0
configure:5123: result: yes
configure:5188: checking how to print strings
configure:5215: result: printf
configure:5236: checking for a sed that does not truncate output
configure:5306: result: /usr/bin/sed
configure:5324: checking for grep that handles long lines and -e
configure:5388: result: /usr/bin/grep
configure:5393: checking for egrep
configure:5461: result: /usr/bin/grep -E
configure:5466: checking for fgrep
configure:5534: result: /usr/bin/grep -F
configure:5570: checking for ld used by gcc
configure:5638: result: /usr/bin/ld
configure:5645: checking if the linker (/usr/bin/ld) is GNU ld
configure:5661: result: yes
configure:5673: checking for BSD- or MS-compatible name lister (nm)
configure:5728: result: /usr/bin/nm -B
configure:5868: checking the name lister (/usr/bin/nm -B) interface
configure:5876: gcc -c -g -O2  conftest.c >&5
configure:5879: /usr/bin/nm -B "conftest.o"
configure:5882: output
0000000000000000 B some_variable
configure:5889: result: BSD nm
configure:5892: checking whether ln -s works
configure:5896: result: yes
configure:5904: checking the maximum length of command line arguments
configure:6036: result: 1572864
configure:6084: checking how to convert x86_64-pc-linux-gnu file names to x86_64-pc-linux-gnu format
configure:6125: result: func_convert_file_noop
configure:6132: checking how to convert x86_64-pc-linux-gnu file names to toolchain format
configure:6153: result: func_convert_file_noop
configure:6160: checking for /usr/bin/ld option to reload object files
configure:6168: result: -r
configure:6247: checking for file
configure:6268: found /usr/bin/file
configure:6279: result: file
configure:6355: checking for objdump
configure:6376: found /usr/bin/objdump
configure:6387: result: objdump
configure:6419: checking how to recognize dependent libraries
configure:6620: result: pass_all
configure:6710: checking for dlltool
configure:6745: result: no
configure:6775: checking how to associate runtime and link libraries
configure:6803: result: printf %s\n
configure:6868: checking for ar
configure:6889: found /usr/bin/ar
configure:6900: result: ar
configure:6953: checking for archiver @FILE support
configure:6971: gcc -c -g -O2  conftest.c >&5
configure:6971: $? = 0
configure:6975: ar cr libconftest.a @conftest.lst >&5
configure:6978: $? = 0
configure:6983: ar cr libconftest.a @conftest.lst >&5
ar: conftest.o: No such file or directory
configure:6986: $? = 1
configure:6998: result: @
configure:7061: checking for strip
configure:7082: found /usr/bin/strip
configure:7093: result: strip
configure:7170: checking for ranlib
configure:7191: found /usr/bin/ranlib
configure:7202: result: ranlib
configure:7304: checking command to parse /usr/bin/nm -B output from gcc object
configure:7458: gcc -c -g -O2  conftest.c >&5
configure:7461: $? = 0
configure:7465: /usr/bin/nm -B conftest.o \| /usr/bin/sed -n -e 's/^.*[ ]\([ABCDGIRSTW][ABCDGIRSTW]*\)[ ][ ]*\([_A-Za-z][_A-Za-z0-9]*\)$/\1 \2 \2/p' | /usr/bin/sed '/ __gnu_lto/d' \> conftest.nm
configure:7468: $? = 0
configure:7534: gcc -o conftest -g -O2   conftest.c conftstm.o >&5
configure:7537: $? = 0
configure:7575: result: ok
configure:7622: checking for sysroot
configure:7653: result: no
configure:7660: checking for a working dd
configure:7704: result: /usr/bin/dd
configure:7708: checking how to truncate binary pipes
configure:7724: result: /usr/bin/dd bs=4096 count=1
configure:7861: gcc -c -g -O2  conftest.c >&5
configure:7864: $? = 0
configure:8061: checking for mt
configure:8082: found /usr/bin/mt
configure:8093: result: mt
configure:8116: checking if mt is a manifest tool
configure:8123: mt '-?'
configure:8131: result: no
configure:8856: checking for stdio.h
configure:8856: gcc -c -g -O2  conftest.c >&5
configure:8856: $? = 0
configure:8856: result: yes
configure:8856: checking for stdlib.h
configure:8856: gcc -c -g -O2  conftest.c >&5
configure:8856: $? = 0
configure:8856: result: yes
configure:8856: checking for string.h
configure:8856: gcc -c -g -O2  conftest.c >&5
configure:8856: $? = 0
configure:8856: result: yes
configure:8856: checking for inttypes.h
configure:8856: gcc -c -g -O2  conftest.c >&5
configure:8856: $? = 0
configure:8856: result: yes
configure:8856: checking for stdint.h
configure:8856: gcc -c -g -O2  conftest.c >&5
configure:8856: $? = 0
configure:8856: result: yes
configure:8856: checking for strings.h
configure:8856: gcc -c -g -O2  conftest.c >&5
configure:8856: $? = 0
configure:8856: result: yes
configure:8856: checking for sys/stat.h
configure:8856: gcc -c -g -O2  conftest.c >&5
configure:8856: $? = 0
configure:8856: result: yes
configure:8856: checking for sys/types.h
configure:8856: gcc -c -g -O2  conftest.c >&5
configure:8856: $? = 0
configure:8856: result: yes
configure:8856: checking for unistd.h
configure:8856: gcc -c -g -O2  conftest.c >&5
configure:8856: $? = 0
configure:8856: result: yes
configure:8881: checking for dlfcn.h
configure:8881: gcc -c -g -O2  conftest.c >&5
configure:8881: $? = 0
configure:8881: result: yes
configure:9078: checking for objdir
configure:9094: result: .libs
configure:9358: checking if gcc supports -fno-rtti -fno-exceptions
configure:9377: gcc -c -g -O2  -fno-rtti -fno-exceptions conftest.c >&5
cc1: warning: command-line option '-fno-rtti' is valid for C++/D/ObjC++ but not for C
configure:9381: $? = 0
configure:9394: result: no
configure:9752: checking for gcc option to produce PIC
configure:9760: result: -fPIC -DPIC
configure:9768: checking if gcc PIC flag -fPIC -DPIC works
configure:9787: gcc -c -g -O2  -fPIC -DPIC -DPIC conftest.c >&5
configure:9791: $? = 0
configure:9804: result: yes
configure:9833: checking if gcc static flag -static works
configure:9862: result: yes
configure:9877: checking if gcc supports -c -o file.o
configure:9899: gcc -c -g -O2  -o out/conftest2.o conftest.c >&5
configure:9903: $? = 0
configure:9925: result: yes
configure:9933: checking if gcc supports -c -o file.o
configure:9981: result: yes
configure:10014: checking whether the gcc linker (/usr/bin/ld -m elf_x86_64) supports shared libraries
configure:11282: result: yes
configure:11319: checking whether -lc should be explicitly linked in
configure:11328: gcc -c -g -O2  conftest.c >&5
configure:11331: $? = 0
configure:11346: gcc -shared  -fPIC -DPIC conftest.o  -v -Wl,-soname -Wl,conftest -o conftest 2\>\&1 \| /usr/bin/grep  -lc  \>/dev/null 2\>\&1
configure:11349: $? = 0
configure:11363: result: no
configure:11523: checking dynamic linker characteristics
configure:12105: gcc -o conftest -g -O2   -Wl,-rpath -Wl,/foo conftest.c  >&5
configure:12105: $? = 0
configure:12344: result: GNU/Linux ld.so
configure:12466: checking how to hardcode library paths into programs
configure:12491: result: immediate
configure:13043: checking whether stripping libraries is possible
configure:13052: result: yes
configure:13094: checking if libtool supports shared libraries
configure:13096: result: yes
configure:13099: checking whether to build shared libraries
configure:13124: result: yes
configure:13127: checking whether to build static libraries
configure:13131: result: no
configure:13170: checking for jw
configure:13206: result: no
configure:13215: docbook-tools (jw) not found, disabling documentation
configure:13257: checking for a Python interpreter with version >= 3.0
configure:13275: python -c import sys # split strings by '.' and convert to numeric. Append some zeros # because we need at least 4 digits for the hex conversion. # map returns an iterator in Python 3.0 and a list in 2.x minver = list(map(int, '3.0'.split('.'))) + [0, 0, 0] minverhex = 0 # xrange is not present in Python 3.0 and range returns an iterator for i in list(range(0, 4)): minverhex = (minverhex << 8) + minver[i] sys.exit(sys.hexversion < minverhex)
configure:13278: $? = 0
configure:13285: result: python
configure:13293: checking for python
configure:13316: found /usr/bin/python
configure:13328: result: /usr/bin/python
configure:13345: checking for python version
configure:13353: result: 3.10
configure:13358: checking for python platform
configure:13366: result: linux
configure:13427: checking for GNU default python prefix
configure:13429: result: ${prefix}
configure:13495: checking for GNU default python exec_prefix
configure:13497: result: ${exec_prefix}
configure:13528: checking for python script directory (pythondir)
configure:13563: result: ${PYTHON_PREFIX}/local/lib/python3.10/dist-packages
configure:13571: checking for python extension module directory (pyexecdir)
configure:13606: result: ${PYTHON_EXEC_PREFIX}/local/lib/python3.10/dist-packages
configure:13627: checking for perl
configure:13650: found /usr/bin/perl
configure:13663: result: /usr/bin/perl
configure:13696: checking for Tcl configuration
configure:13790: result: found /usr/lib/tclConfig.sh
configure:13801: checking for existence of /usr/lib/tclConfig.sh
configure:13805: result: loading
configure:13875: checking for php-config
configure:13911: result: no
configure:13920: php-config not found, disabling PHP binding
configure:13929: checking for gh_define in -lguile
configure:13952: gcc -o conftest -g -O2   conftest.c -lguile   >&5
/usr/bin/ld: cannot find -lguile: No such file or directory
collect2: error: ld returned 1 exit status
configure:13952: $? = 1
configure: failed program was:
| /* confdefs.h */
| #define PACKAGE_NAME "linux-gpib-user"
| #define PACKAGE_TARNAME "linux-gpib-user"
| #define PACKAGE_VERSION "4.3.6"
| #define PACKAGE_STRING "linux-gpib-user 4.3.6"
| #define PACKAGE_BUGREPORT ""
| #define PACKAGE_URL ""
| #define PACKAGE "linux-gpib-user"
| #define VERSION "4.3.6"
| #define YYTEXT_POINTER 1
| #define HAVE_STDIO_H 1
| #define HAVE_STDLIB_H 1
| #define HAVE_STRING_H 1
| #define HAVE_INTTYPES_H 1
| #define HAVE_STDINT_H 1
| #define HAVE_STRINGS_H 1
| #define HAVE_SYS_STAT_H 1
| #define HAVE_SYS_TYPES_H 1
| #define HAVE_UNISTD_H 1
| #define STDC_HEADERS 1
| #define HAVE_DLFCN_H 1
| #define LT_OBJDIR ".libs/"
| /* end confdefs.h.  */
| 
| /* Override any GCC internal prototype to avoid an error.
|    Use char because int might match the return type of a GCC
|    builtin and then its argument prototype would still apply.  */
| char gh_define ();
| int
| main (void)
| {
| return gh_define ();
|   ;
|   return 0;
| }
configure:13962: result: no
configure:13968: libguile not found, disabling guile binding
configure:13974: checking for readline in -lreadline
configure:13997: gcc -o conftest -g -O2   conftest.c -lreadline -lncurses  >&5
configure:13997: $? = 0
configure:14007: result: yes
configure:14016: checking for unistd.h
configure:14016: result: yes
configure:14022: checking for sys/param.h
configure:14022: gcc -c -g -O2  conftest.c >&5
configure:14022: $? = 0
configure:14022: result: yes
configure:14028: checking for sys/time.h
configure:14028: gcc -c -g -O2  conftest.c >&5
configure:14028: $? = 0
configure:14028: result: yes
configure:14034: checking for time.h
configure:14034: gcc -c -g -O2  conftest.c >&5
configure:14034: $? = 0
configure:14034: result: yes
configure:14040: checking for sys/mkdev.h
configure:14040: gcc -c -g -O2  conftest.c >&5
conftest.c:56:10: fatal error: sys/mkdev.h: No such file or directory
   56 | #include <sys/mkdev.h>
      |          ^~~~~~~~~~~~~
compilation terminated.
configure:14040: $? = 1
configure: failed program was:
| /* confdefs.h */
| #define PACKAGE_NAME "linux-gpib-user"
| #define PACKAGE_TARNAME "linux-gpib-user"
| #define PACKAGE_VERSION "4.3.6"
| #define PACKAGE_STRING "linux-gpib-user 4.3.6"
| #define PACKAGE_BUGREPORT ""
| #define PACKAGE_URL ""
| #define PACKAGE "linux-gpib-user"
| #define VERSION "4.3.6"
| #define YYTEXT_POINTER 1
| #define HAVE_STDIO_H 1
| #define HAVE_STDLIB_H 1
| #define HAVE_STRING_H 1
| #define HAVE_INTTYPES_H 1
| #define HAVE_STDINT_H 1
| #define HAVE_STRINGS_H 1
| #define HAVE_SYS_STAT_H 1
| #define HAVE_SYS_TYPES_H 1
| #define HAVE_UNISTD_H 1
| #define STDC_HEADERS 1
| #define HAVE_DLFCN_H 1
| #define LT_OBJDIR ".libs/"
| #define HAVE_UNISTD_H 1
| #define HAVE_SYS_PARAM_H 1
| #define HAVE_SYS_TIME_H 1
| #define HAVE_TIME_H 1
| /* end confdefs.h.  */
| #include <stddef.h>
| #ifdef HAVE_STDIO_H
| # include <stdio.h>
| #endif
| #ifdef HAVE_STDLIB_H
| # include <stdlib.h>
| #endif
| #ifdef HAVE_STRING_H
| # include <string.h>
| #endif
| #ifdef HAVE_INTTYPES_H
| # include <inttypes.h>
| #endif
| #ifdef HAVE_STDINT_H
| # include <stdint.h>
| #endif
| #ifdef HAVE_STRINGS_H
| # include <strings.h>
| #endif
| #ifdef HAVE_SYS_TYPES_H
| # include <sys/types.h>
| #endif
| #ifdef HAVE_SYS_STAT_H
| # include <sys/stat.h>
| #endif
| #ifdef HAVE_UNISTD_H
| # include <unistd.h>
| #endif
| #include <sys/mkdev.h>
configure:14040: result: no
configure:14046: checking for sys/sysmacros.h
configure:14046: gcc -c -g -O2  conftest.c >&5
configure:14046: $? = 0
configure:14046: result: yes
configure:14052: checking for string.h
configure:14052: result: yes
configure:14058: checking for memory.h
configure:14058: gcc -c -g -O2  conftest.c >&5
configure:14058: $? = 0
configure:14058: result: yes
configure:14064: checking for fcntl.h
configure:14064: gcc -c -g -O2  conftest.c >&5
configure:14064: $? = 0
configure:14064: result: yes
configure:14070: checking for dirent.h
configure:14070: gcc -c -g -O2  conftest.c >&5
configure:14070: $? = 0
configure:14070: result: yes
configure:14076: checking for sys/ndir.h
configure:14076: gcc -c -g -O2  conftest.c >&5
conftest.c:61:10: fatal error: sys/ndir.h: No such file or directory
   61 | #include <sys/ndir.h>
      |          ^~~~~~~~~~~~
compilation terminated.
configure:14076: $? = 1
configure: failed program was:
| /* confdefs.h */
| #define PACKAGE_NAME "linux-gpib-user"
| #define PACKAGE_TARNAME "linux-gpib-user"
| #define PACKAGE_VERSION "4.3.6"
| #define PACKAGE_STRING "linux-gpib-user 4.3.6"
| #define PACKAGE_BUGREPORT ""
| #define PACKAGE_URL ""
| #define PACKAGE "linux-gpib-user"
| #define VERSION "4.3.6"
| #define YYTEXT_POINTER 1
| #define HAVE_STDIO_H 1
| #define HAVE_STDLIB_H 1
| #define HAVE_STRING_H 1
| #define HAVE_INTTYPES_H 1
| #define HAVE_STDINT_H 1
| #define HAVE_STRINGS_H 1
| #define HAVE_SYS_STAT_H 1
| #define HAVE_SYS_TYPES_H 1
| #define HAVE_UNISTD_H 1
| #define STDC_HEADERS 1
| #define HAVE_DLFCN_H 1
| #define LT_OBJDIR ".libs/"
| #define HAVE_UNISTD_H 1
| #define HAVE_SYS_PARAM_H 1
| #define HAVE_SYS_TIME_H 1
| #define HAVE_TIME_H 1
| #define HAVE_SYS_SYSMACROS_H 1
| #define HAVE_STRING_H 1
| #define HAVE_MEMORY_H 1
| #define HAVE_FCNTL_H 1
| #define HAVE_DIRENT_H 1
| /* end confdefs.h.  */
| #include <stddef.h>
| #ifdef HAVE_STDIO_H
| # include <stdio.h>
| #endif
| #ifdef HAVE_STDLIB_H
| # include <stdlib.h>
| #endif
| #ifdef HAVE_STRING_H
| # include <string.h>
| #endif
| #ifdef HAVE_INTTYPES_H
| # include <inttypes.h>
| #endif
| #ifdef HAVE_STDINT_H
| # include <stdint.h>
| #endif
| #ifdef HAVE_STRINGS_H
| # include <strings.h>
| #endif
| #ifdef HAVE_SYS_TYPES_H
| # include <sys/types.h>
| #endif
| #ifdef HAVE_SYS_STAT_H
| # include <sys/stat.h>
| #endif
| #ifdef HAVE_UNISTD_H
| # include <unistd.h>
| #endif
| #include <sys/ndir.h>
configure:14076: result: no
configure:14082: checking for ndir.h
configure:14082: gcc -c -g -O2  conftest.c >&5
conftest.c:61:10: fatal error: ndir.h: No such file or directory
   61 | #include <ndir.h>
      |          ^~~~~~~~
compilation terminated.
configure:14082: $? = 1
configure: failed program was:
| /* confdefs.h */
| #define PACKAGE_NAME "linux-gpib-user"
| #define PACKAGE_TARNAME "linux-gpib-user"
| #define PACKAGE_VERSION "4.3.6"
| #define PACKAGE_STRING "linux-gpib-user 4.3.6"
| #define PACKAGE_BUGREPORT ""
| #define PACKAGE_URL ""
| #define PACKAGE "linux-gpib-user"
| #define VERSION "4.3.6"
| #define YYTEXT_POINTER 1
| #define HAVE_STDIO_H 1
| #define HAVE_STDLIB_H 1
| #define HAVE_STRING_H 1
| #define HAVE_INTTYPES_H 1
| #define HAVE_STDINT_H 1
| #define HAVE_STRINGS_H 1
| #define HAVE_SYS_STAT_H 1
| #define HAVE_SYS_TYPES_H 1
| #define HAVE_UNISTD_H 1
| #define STDC_HEADERS 1
| #define HAVE_DLFCN_H 1
| #define LT_OBJDIR ".libs/"
| #define HAVE_UNISTD_H 1
| #define HAVE_SYS_PARAM_H 1
| #define HAVE_SYS_TIME_H 1
| #define HAVE_TIME_H 1
| #define HAVE_SYS_SYSMACROS_H 1
| #define HAVE_STRING_H 1
| #define HAVE_MEMORY_H 1
| #define HAVE_FCNTL_H 1
| #define HAVE_DIRENT_H 1
| /* end confdefs.h.  */
| #include <stddef.h>
| #ifdef HAVE_STDIO_H
| # include <stdio.h>
| #endif
| #ifdef HAVE_STDLIB_H
| # include <stdlib.h>
| #endif
| #ifdef HAVE_STRING_H
| # include <string.h>
| #endif
| #ifdef HAVE_INTTYPES_H
| # include <inttypes.h>
| #endif
| #ifdef HAVE_STDINT_H
| # include <stdint.h>
| #endif
| #ifdef HAVE_STRINGS_H
| # include <strings.h>
| #endif
| #ifdef HAVE_SYS_TYPES_H
| # include <sys/types.h>
| #endif
| #ifdef HAVE_SYS_STAT_H
| # include <sys/stat.h>
| #endif
| #ifdef HAVE_UNISTD_H
| # include <unistd.h>
| #endif
| #include <ndir.h>
configure:14082: result: no
configure:14088: checking for alloca.h
configure:14088: gcc -c -g -O2  conftest.c >&5
configure:14088: $? = 0
configure:14088: result: yes
configure:14094: checking for locale.h
configure:14094: gcc -c -g -O2  conftest.c >&5
configure:14094: $? = 0
configure:14094: result: yes
configure:14108: checking how to run the C preprocessor
configure:14134: gcc -E  conftest.c
configure:14134: $? = 0
configure:14149: gcc -E  conftest.c
conftest.c:35:10: fatal error: ac_nonexistent.h: No such file or directory
   35 | #include <ac_nonexistent.h>
      |          ^~~~~~~~~~~~~~~~~~
compilation terminated.
configure:14149: $? = 1
configure: failed program was:
| /* confdefs.h */
| #define PACKAGE_NAME "linux-gpib-user"
| #define PACKAGE_TARNAME "linux-gpib-user"
| #define PACKAGE_VERSION "4.3.6"
| #define PACKAGE_STRING "linux-gpib-user 4.3.6"
| #define PACKAGE_BUGREPORT ""
| #define PACKAGE_URL ""
| #define PACKAGE "linux-gpib-user"
| #define VERSION "4.3.6"
| #define YYTEXT_POINTER 1
| #define HAVE_STDIO_H 1
| #define HAVE_STDLIB_H 1
| #define HAVE_STRING_H 1
| #define HAVE_INTTYPES_H 1
| #define HAVE_STDINT_H 1
| #define HAVE_STRINGS_H 1
| #define HAVE_SYS_STAT_H 1
| #define HAVE_SYS_TYPES_H 1
| #define HAVE_UNISTD_H 1
| #define STDC_HEADERS 1
| #define HAVE_DLFCN_H 1
| #define LT_OBJDIR ".libs/"
| #define HAVE_UNISTD_H 1
| #define HAVE_SYS_PARAM_H 1
| #define HAVE_SYS_TIME_H 1
| #define HAVE_TIME_H 1
| #define HAVE_SYS_SYSMACROS_H 1
| #define HAVE_STRING_H 1
| #define HAVE_MEMORY_H 1
| #define HAVE_FCNTL_H 1
| #define HAVE_DIRENT_H 1
| #define HAVE_ALLOCA_H 1
| #define HAVE_LOCALE_H 1
| /* end confdefs.h.  */
| #include <ac_nonexistent.h>
configure:14176: result: gcc -E
configure:14190: gcc -E  conftest.c
configure:14190: $? = 0
configure:14205: gcc -E  conftest.c
conftest.c:35:10: fatal error: ac_nonexistent.h: No such file or directory
   35 | #include <ac_nonexistent.h>
      |          ^~~~~~~~~~~~~~~~~~
compilation terminated.
configure:14205: $? = 1
configure: failed program was:
| /* confdefs.h */
| #define PACKAGE_NAME "linux-gpib-user"
| #define PACKAGE_TARNAME "linux-gpib-user"
| #define PACKAGE_VERSION "4.3.6"
| #define PACKAGE_STRING "linux-gpib-user 4.3.6"
| #define PACKAGE_BUGREPORT ""
| #define PACKAGE_URL ""
| #define PACKAGE "linux-gpib-user"
| #define VERSION "4.3.6"
| #define YYTEXT_POINTER 1
| #define HAVE_STDIO_H 1
| #define HAVE_STDLIB_H 1
| #define HAVE_STRING_H 1
| #define HAVE_INTTYPES_H 1
| #define HAVE_STDINT_H 1
| #define HAVE_STRINGS_H 1
| #define HAVE_SYS_STAT_H 1
| #define HAVE_SYS_TYPES_H 1
| #define HAVE_UNISTD_H 1
| #define STDC_HEADERS 1
| #define HAVE_DLFCN_H 1
| #define LT_OBJDIR ".libs/"
| #define HAVE_UNISTD_H 1
| #define HAVE_SYS_PARAM_H 1
| #define HAVE_SYS_TIME_H 1
| #define HAVE_TIME_H 1
| #define HAVE_SYS_SYSMACROS_H 1
| #define HAVE_STRING_H 1
| #define HAVE_MEMORY_H 1
| #define HAVE_FCNTL_H 1
| #define HAVE_DIRENT_H 1
| #define HAVE_ALLOCA_H 1
| #define HAVE_LOCALE_H 1
| /* end confdefs.h.  */
| #include <ac_nonexistent.h>
configure:14237: checking for headers required to compile python extensions
configure:14252: gcc -E  -I/usr/include/python3.10  -I/usr/include/python3.10m conftest.c
configure:14252: $? = 0
configure:14254: result: found
configure:14280: checking for readline/readline.h
configure:14280: gcc -c -g -O2  conftest.c >&5
configure:14280: $? = 0
configure:14280: result: yes
configure:14286: checking for readline/history.h
configure:14286: gcc -c -g -O2  conftest.c >&5
configure:14286: $? = 0
configure:14286: result: yes
configure:14300: checking for tcl.h
configure:14300: gcc -c -g -O2  -I/usr/include/tcl8.6 conftest.c >&5
configure:14300: $? = 0
configure:14300: result: yes
configure:14328: checking for sys/mkdev.h
configure:14328: result: no
configure:14337: checking for sys/sysmacros.h
configure:14337: result: yes
configure:14347: checking for size_t
configure:14347: gcc -c -g -O2  conftest.c >&5
configure:14347: $? = 0
configure:14347: gcc -c -g -O2  conftest.c >&5
conftest.c: In function 'main':
conftest.c:67:21: error: expected expression before ')' token
   67 | if (sizeof ((size_t)))
      |                     ^
configure:14347: $? = 1
configure: failed program was:
| /* confdefs.h */
| #define PACKAGE_NAME "linux-gpib-user"
| #define PACKAGE_TARNAME "linux-gpib-user"
| #define PACKAGE_VERSION "4.3.6"
| #define PACKAGE_STRING "linux-gpib-user 4.3.6"
| #define PACKAGE_BUGREPORT ""
| #define PACKAGE_URL ""
| #define PACKAGE "linux-gpib-user"
| #define VERSION "4.3.6"
| #define YYTEXT_POINTER 1
| #define HAVE_STDIO_H 1
| #define HAVE_STDLIB_H 1
| #define HAVE_STRING_H 1
| #define HAVE_INTTYPES_H 1
| #define HAVE_STDINT_H 1
| #define HAVE_STRINGS_H 1
| #define HAVE_SYS_STAT_H 1
| #define HAVE_SYS_TYPES_H 1
| #define HAVE_UNISTD_H 1
| #define STDC_HEADERS 1
| #define HAVE_DLFCN_H 1
| #define LT_OBJDIR ".libs/"
| #define HAVE_UNISTD_H 1
| #define HAVE_SYS_PARAM_H 1
| #define HAVE_SYS_TIME_H 1
| #define HAVE_TIME_H 1
| #define HAVE_SYS_SYSMACROS_H 1
| #define HAVE_STRING_H 1
| #define HAVE_MEMORY_H 1
| #define HAVE_FCNTL_H 1
| #define HAVE_DIRENT_H 1
| #define HAVE_ALLOCA_H 1
| #define HAVE_LOCALE_H 1
| #define MAJOR_IN_SYSMACROS 1
| /* end confdefs.h.  */
| #include <stddef.h>
| #ifdef HAVE_STDIO_H
| # include <stdio.h>
| #endif
| #ifdef HAVE_STDLIB_H
| # include <stdlib.h>
| #endif
| #ifdef HAVE_STRING_H
| # include <string.h>
| #endif
| #ifdef HAVE_INTTYPES_H
| # include <inttypes.h>
| #endif
| #ifdef HAVE_STDINT_H
| # include <stdint.h>
| #endif
| #ifdef HAVE_STRINGS_H
| # include <strings.h>
| #endif
| #ifdef HAVE_SYS_TYPES_H
| # include <sys/types.h>
| #endif
| #ifdef HAVE_SYS_STAT_H
| # include <sys/stat.h>
| #endif
| #ifdef HAVE_UNISTD_H
| # include <unistd.h>
| #endif
| int
| main (void)
| {
| if (sizeof ((size_t)))
| 	    return 0;
|   ;
|   return 0;
| }
configure:14347: result: yes
configure:14359: checking for working alloca.h
configure:14377: gcc -o conftest -g -O2   conftest.c  >&5
configure:14377: $? = 0
configure:14386: result: yes
configure:14394: checking for alloca
configure:14439: result: yes
configure:14506: checking whether struct tm is in sys/time.h or time.h
configure:14527: gcc -c -g -O2  conftest.c >&5
configure:14527: $? = 0
configure:14535: result: time.h
configure:14543: checking for struct stat.st_blocks
configure:14543: gcc -c -g -O2  conftest.c >&5
configure:14543: $? = 0
configure:14543: result: yes
configure:14565: checking for dirent.h that defines DIR
configure:14585: gcc -c -g -O2  conftest.c >&5
configure:14585: $? = 0
configure:14594: result: yes
configure:14608: checking for library containing opendir
configure:14638: gcc -o conftest -g -O2   conftest.c  >&5
configure:14638: $? = 0
configure:14658: result: none required
configure:14729: checking whether closedir returns void
configure:14750: gcc -c -g -O2  conftest.c >&5
conftest.c: In function 'main':
conftest.c:48:10: warning: argument 1 null where non-null expected [-Wnonnull]
   48 |   return closedir(0);
      |          ^~~~~~~~
In file included from conftest.c:42:
/usr/include/dirent.h:149:12: note: in a call to function 'closedir' declared 'nonnull'
  149 | extern int closedir (DIR *__dirp) __nonnull ((1));
      |            ^~~~~~~~
configure:14750: $? = 0
configure:14758: result: no
configure:14766: checking for mkfifo
configure:14766: gcc -o conftest -g -O2   conftest.c  >&5
configure:14766: $? = 0
configure:14766: result: yes
configure:14773: checking for mknod
configure:14773: gcc -o conftest -g -O2   conftest.c  >&5
configure:14773: $? = 0
configure:14773: result: yes
configure:14969: checking that generated files are newer than configure
configure:14975: result: done
configure:15026: creating ./config.status

## ---------------------- ##
## Running config.status. ##
## ---------------------- ##

This file was extended by linux-gpib-user config.status 4.3.6, which was
generated by GNU Autoconf 2.71.  Invocation command line was

  CONFIG_FILES    = 
  CONFIG_HEADERS  = 
  CONFIG_LINKS    = 
  CONFIG_COMMANDS = 
  $ ./config.status 

on murderbot

config.status:1175: creating Makefile
config.status:1175: creating drivers/Makefile
config.status:1175: creating lib/Makefile
config.status:1175: creating lib/libgpib.pc
config.status:1175: creating lib/gpib_config/Makefile
config.status:1175: creating examples/Makefile
config.status:1175: creating test/Makefile
config.status:1175: creating doc/Makefile
config.status:1175: creating include/Makefile
config.status:1175: creating include/gpib/Makefile
config.status:1175: creating language/Makefile
config.status:1175: creating language/guile/Makefile
config.status:1175: creating language/php/Makefile
config.status:1175: creating language/php/TESTS/Makefile
config.status:1175: creating language/python/Makefile
config.status:1175: creating language/tcl/Makefile
config.status:1175: creating usb/Makefile
config.status:1175: creating usb/ni_usb_gpib/Makefile
config.status:1175: creating usb/agilent_82357a/Makefile
config.status:1175: creating usb/lpvo_usb_gpib/Makefile
config.status:1175: creating config.h
config.status:1404: executing depfiles commands
config.status:1481: cd lib       && sed -e '/# am--include-marker/d' Makefile         | make -f - am--depfiles
config.status:1486: $? = 0
config.status:1481: cd lib/gpib_config       && sed -e '/# am--include-marker/d' Makefile         | make -f - am--depfiles
config.status:1486: $? = 0
config.status:1481: cd examples       && sed -e '/# am--include-marker/d' Makefile         | make -f - am--depfiles
config.status:1486: $? = 0
config.status:1481: cd test       && sed -e '/# am--include-marker/d' Makefile         | make -f - am--depfiles
config.status:1486: $? = 0
config.status:1481: cd language/guile       && sed -e '/# am--include-marker/d' Makefile         | make -f - am--depfiles
config.status:1486: $? = 0
config.status:1481: cd language/php       && sed -e '/# am--include-marker/d' Makefile         | make -f - am--depfiles
config.status:1486: $? = 0
config.status:1481: cd language/tcl       && sed -e '/# am--include-marker/d' Makefile         | make -f - am--depfiles
config.status:1486: $? = 0
config.status:1404: executing libtool commands

## ---------------- ##
## Cache variables. ##
## ---------------- ##

ac_cv_build=x86_64-pc-linux-gnu
ac_cv_c_compiler_gnu=yes
ac_cv_c_tclconfig=/usr/lib
ac_cv_env_CC_set=
ac_cv_env_CC_value=
ac_cv_env_CFLAGS_set=
ac_cv_env_CFLAGS_value=
ac_cv_env_CPPFLAGS_set=
ac_cv_env_CPPFLAGS_value=
ac_cv_env_CPP_set=
ac_cv_env_CPP_value=
ac_cv_env_LDFLAGS_set=
ac_cv_env_LDFLAGS_value=
ac_cv_env_LIBS_set=
ac_cv_env_LIBS_value=
ac_cv_env_LT_SYS_LIBRARY_PATH_set=
ac_cv_env_LT_SYS_LIBRARY_PATH_value=
ac_cv_env_PYTHON_set=
ac_cv_env_PYTHON_value=
ac_cv_env_build_alias_set=
ac_cv_env_build_alias_value=
ac_cv_env_host_alias_set=
ac_cv_env_host_alias_value=
ac_cv_env_target_alias_set=
ac_cv_env_target_alias_value=
ac_cv_func_alloca_works=yes
ac_cv_func_closedir_void=no
ac_cv_func_mkfifo=yes
ac_cv_func_mknod=yes
ac_cv_header_alloca_h=yes
ac_cv_header_dirent_dirent_h=yes
ac_cv_header_dirent_h=yes
ac_cv_header_dlfcn_h=yes
ac_cv_header_fcntl_h=yes
ac_cv_header_inttypes_h=yes
ac_cv_header_locale_h=yes
ac_cv_header_memory_h=yes
ac_cv_header_ndir_h=no
ac_cv_header_readline_history_h=yes
ac_cv_header_readline_readline_h=yes
ac_cv_header_stdint_h=yes
ac_cv_header_stdio_h=yes
ac_cv_header_stdlib_h=yes
ac_cv_header_string_h=yes
ac_cv_header_strings_h=yes
ac_cv_header_sys_mkdev_h=no
ac_cv_header_sys_ndir_h=no
ac_cv_header_sys_param_h=yes
ac_cv_header_sys_stat_h=yes
ac_cv_header_sys_sysmacros_h=yes
ac_cv_header_sys_time_h=yes
ac_cv_header_sys_types_h=yes
ac_cv_header_tcl_h=yes
ac_cv_header_time_h=yes
ac_cv_header_unistd_h=yes
ac_cv_host=x86_64-pc-linux-gnu
ac_cv_lib_guile_gh_define=no
ac_cv_lib_lex='none needed'
ac_cv_lib_readline_readline=yes
ac_cv_member_struct_stat_st_blocks=yes
ac_cv_objext=o
ac_cv_path_EGREP='/usr/bin/grep -E'
ac_cv_path_FGREP='/usr/bin/grep -F'
ac_cv_path_GREP=/usr/bin/grep
ac_cv_path_JW_PATH=no
ac_cv_path_PERL=/usr/bin/perl
ac_cv_path_PHP_CONFIG=no
ac_cv_path_PYTHON=/usr/bin/python
ac_cv_path_SED=/usr/bin/sed
ac_cv_path_install='/usr/bin/install -c'
ac_cv_path_lt_DD=/usr/bin/dd
ac_cv_path_mkdir=/usr/bin/mkdir
ac_cv_prog_AWK=mawk
ac_cv_prog_CPP='gcc -E'
ac_cv_prog_LEX=flex
ac_cv_prog_ac_ct_AR=ar
ac_cv_prog_ac_ct_CC=gcc
ac_cv_prog_ac_ct_FILECMD=file
ac_cv_prog_ac_ct_MANIFEST_TOOL=mt
ac_cv_prog_ac_ct_OBJDUMP=objdump
ac_cv_prog_ac_ct_RANLIB=ranlib
ac_cv_prog_ac_ct_STRIP=strip
ac_cv_prog_cc_c11=
ac_cv_prog_cc_g=yes
ac_cv_prog_cc_stdc=
ac_cv_prog_lex_root=lex.yy
ac_cv_prog_lex_yytext_pointer=yes
ac_cv_prog_make_make_set=yes
ac_cv_search_opendir='none required'
ac_cv_struct_tm=time.h
ac_cv_type_size_t=yes
ac_cv_working_alloca_h=yes
am_cv_CC_dependencies_compiler_type=gcc3
am_cv_make_support_nested_variables=yes
am_cv_pathless_PYTHON=python
am_cv_prog_cc_c_o=yes
am_cv_python_platform=linux
am_cv_python_pyexecdir='${PYTHON_EXEC_PREFIX}/local/lib/python3.10/dist-packages'
am_cv_python_pythondir='${PYTHON_PREFIX}/local/lib/python3.10/dist-packages'
am_cv_python_version=3.10
lt_cv_ar_at_file=@
lt_cv_archive_cmds_need_lc=no
lt_cv_deplibs_check_method=pass_all
lt_cv_file_magic_cmd='$MAGIC_CMD'
lt_cv_file_magic_test_file=
lt_cv_ld_reload_flag=-r
lt_cv_nm_interface='BSD nm'
lt_cv_objdir=.libs
lt_cv_path_LD=/usr/bin/ld
lt_cv_path_NM='/usr/bin/nm -B'
lt_cv_path_mainfest_tool=no
lt_cv_prog_compiler_c_o=yes
lt_cv_prog_compiler_pic='-fPIC -DPIC'
lt_cv_prog_compiler_pic_works=yes
lt_cv_prog_compiler_rtti_exceptions=no
lt_cv_prog_compiler_static_works=yes
lt_cv_prog_gnu_ld=yes
lt_cv_sharedlib_from_linklib_cmd='printf %s\n'
lt_cv_shlibpath_overrides_runpath=yes
lt_cv_sys_global_symbol_pipe='/usr/bin/sed -n -e '\''s/^.*[	 ]\([ABCDGIRSTW][ABCDGIRSTW]*\)[	 ][	 ]*\([_A-Za-z][_A-Za-z0-9]*\)$/\1 \2 \2/p'\'' | /usr/bin/sed '\''/ __gnu_lto/d'\'''
lt_cv_sys_global_symbol_to_c_name_address='/usr/bin/sed -n -e '\''s/^: \(.*\) .*$/  {"\1", (void *) 0},/p'\'' -e '\''s/^[ABCDGIRSTW][ABCDGIRSTW]* .* \(.*\)$/  {"\1", (void *) \&\1},/p'\'''
lt_cv_sys_global_symbol_to_c_name_address_lib_prefix='/usr/bin/sed -n -e '\''s/^: \(.*\) .*$/  {"\1", (void *) 0},/p'\'' -e '\''s/^[ABCDGIRSTW][ABCDGIRSTW]* .* \(lib.*\)$/  {"\1", (void *) \&\1},/p'\'' -e '\''s/^[ABCDGIRSTW][ABCDGIRSTW]* .* \(.*\)$/  {"lib\1", (void *) \&\1},/p'\'''
lt_cv_sys_global_symbol_to_cdecl='/usr/bin/sed -n -e '\''s/^T .* \(.*\)$/extern int \1();/p'\'' -e '\''s/^[ABCDGIRSTW][ABCDGIRSTW]* .* \(.*\)$/extern char \1;/p'\'''
lt_cv_sys_global_symbol_to_import=
lt_cv_sys_max_cmd_len=1572864
lt_cv_to_host_file_cmd=func_convert_file_noop
lt_cv_to_tool_file_cmd=func_convert_file_noop
lt_cv_truncate_bin='/usr/bin/dd bs=4096 count=1'

## ----------------- ##
## Output variables. ##
## ----------------- ##

ACLOCAL='${SHELL} '\''/tmp/tmp.HYKi7kwhC2/linux-gpib-4.3.6/linux-gpib-user-4.3.6/missing'\'' aclocal-1.16'
ALLOCA=''
AMDEPBACKSLASH='\'
AMDEP_FALSE='#'
AMDEP_TRUE=''
AMTAR='$${TAR-tar}'
AM_BACKSLASH='\'
AM_DEFAULT_V='$(AM_DEFAULT_VERBOSITY)'
AM_DEFAULT_VERBOSITY='1'
AM_V='$(V)'
AR='ar'
AUTOCONF='${SHELL} '\''/tmp/tmp.HYKi7kwhC2/linux-gpib-4.3.6/linux-gpib-user-4.3.6/missing'\'' autoconf'
AUTOHEADER='${SHELL} '\''/tmp/tmp.HYKi7kwhC2/linux-gpib-4.3.6/linux-gpib-user-4.3.6/missing'\'' autoheader'
AUTOMAKE='${SHELL} '\''/tmp/tmp.HYKi7kwhC2/linux-gpib-4.3.6/linux-gpib-user-4.3.6/missing'\'' automake-1.16'
AWK='mawk'
BIND_GUILE_FALSE=''
BIND_GUILE_TRUE='#'
BIND_PERL_FALSE='#'
BIND_PERL_TRUE=''
BIND_PHP_FALSE=''
BIND_PHP_TRUE='#'
BIND_PYTHON_FALSE='#'
BIND_PYTHON_TRUE=''
BIND_TCL_FALSE='#'
BIND_TCL_TRUE=''
BUILD_DOCS_FALSE=''
BUILD_DOCS_TRUE='#'
CC='gcc'
CCDEPMODE='depmode=gcc3'
CFLAGS='-g -O2'
CPP='gcc -E'
CPPFLAGS=''
CSCOPE='cscope'
CTAGS='ctags'
CYGPATH_W='echo'
DEFS='-DHAVE_CONFIG_H'
DEPDIR='.deps'
DLLTOOL='false'
DSYMUTIL=''
DUMPBIN=''
ECHO_C=''
ECHO_N='-n'
ECHO_T=''
EGREP='/usr/bin/grep -E'
ETAGS='etags'
EXEEXT=''
FGREP='/usr/bin/grep -F'
FILECMD='file'
GPIB_SO_VERSION='4:0:4'
GREP='/usr/bin/grep'
IBMAJOR='160'
INSTALL_DATA='${INSTALL} -m 644'
INSTALL_PROGRAM='${INSTALL}'
INSTALL_SCRIPT='${INSTALL}'
INSTALL_STRIP_PROGRAM='$(install_sh) -c -s'
ISODATE='2023-11-24'
JW_PATH='no'
LD='/usr/bin/ld -m elf_x86_64'
LDFLAGS=''
LEX='flex'
LEXLIB=''
LEX_OUTPUT_ROOT='lex.yy'
LIBGPIB_CFLAGS='-I$(top_srcdir)/include -D_REENTRANT'
LIBGPIB_LDFLAGS='$(top_builddir)/lib/libgpib.la -lpthread'
LIBOBJS=''
LIBS=''
LIBTOOL='$(SHELL) $(top_builddir)/libtool'
LIB_READLINE_CFLAGS='-DREADLINE'
LIB_READLINE_LDFLAGS='-lreadline -lncurses'
LIPO=''
LN_S='ln -s'
LTLIBOBJS=''
LT_SYS_LIBRARY_PATH=''
MAINT='#'
MAINTAINER_MODE_FALSE=''
MAINTAINER_MODE_TRUE='#'
MAKEINFO='${SHELL} '\''/tmp/tmp.HYKi7kwhC2/linux-gpib-4.3.6/linux-gpib-user-4.3.6/missing'\'' makeinfo'
MANIFEST_TOOL=':'
MKDIR_P='/usr/bin/mkdir -p'
NM='/usr/bin/nm -B'
NMEDIT=''
OBJDUMP='objdump'
OBJEXT='o'
OTOOL64=''
OTOOL=''
PACKAGE='linux-gpib-user'
PACKAGE_BUGREPORT=''
PACKAGE_NAME='linux-gpib-user'
PACKAGE_STRING='linux-gpib-user 4.3.6'
PACKAGE_TARNAME='linux-gpib-user'
PACKAGE_URL=''
PACKAGE_VERSION='4.3.6'
PATH_SEPARATOR=':'
PERL='/usr/bin/perl'
PHP_CONFIG='no'
PYTHON='/usr/bin/python'
PYTHON_EXEC_PREFIX='${exec_prefix}'
PYTHON_INCLUDES='-I/usr/include/python3.10  -I/usr/include/python3.10m'
PYTHON_PLATFORM='linux'
PYTHON_PREFIX='${prefix}'
PYTHON_VERSION='3.10'
RANLIB='ranlib'
SED='/usr/bin/sed'
SET_MAKE=''
SHELL='/bin/bash'
STRIP='strip'
SYSCONFDIR='/usr/local/etc'
TCL_BIN_DIR='/usr/lib'
TCL_LIB_FILE='libtcl8.6.so'
TCL_LIB_FLAG='-ltcl8.6'
TCL_LIB_SPEC='-L/usr/lib/x86_64-linux-gnu -ltcl8.6'
TCL_PATCH_LEVEL='.12'
TCL_SRC_DIR='/usr/include/tcl8.6/tcl-private'
TCL_STUB_LIB_FILE='libtclstub8.6.a'
TCL_STUB_LIB_FLAG='-ltclstub8.6'
TCL_STUB_LIB_SPEC='-L/usr/lib/x86_64-linux-gnu -ltclstub8.6'
TCL_VERSION='8.6'
UDEV_LIBDIR='${prefix}/lib/udev'
VERSION='4.3.6'
YACC='${SHELL} '\''/tmp/tmp.HYKi7kwhC2/linux-gpib-4.3.6/linux-gpib-user-4.3.6/missing'\'' yacc'
ac_ct_AR='ar'
ac_ct_CC='gcc'
ac_ct_DUMPBIN=''
am__EXEEXT_FALSE=''
am__EXEEXT_TRUE='#'
am__fastdepCC_FALSE='#'
am__fastdepCC_TRUE=''
am__include='include'
am__isrc=''
am__leading_dot='.'
am__nodep='_no'
am__quote=''
am__tar='$${TAR-tar} chof - "$$tardir"'
am__untar='$${TAR-tar} xf -'
bindir='${exec_prefix}/bin'
build='x86_64-pc-linux-gnu'
build_alias=''
build_cpu='x86_64'
build_os='linux-gnu'
build_vendor='pc'
datadir='${datarootdir}'
datarootdir='${prefix}/share'
docdir='${datarootdir}/doc/${PACKAGE_TARNAME}'
dvidir='${docdir}'
exec_prefix='${prefix}'
host='x86_64-pc-linux-gnu'
host_alias=''
host_cpu='x86_64'
host_os='linux-gnu'
host_vendor='pc'
htmldir='${docdir}'
includedir='${prefix}/include'
infodir='${datarootdir}/info'
install_sh='${SHELL} /tmp/tmp.HYKi7kwhC2/linux-gpib-4.3.6/linux-gpib-user-4.3.6/install-sh'
libdir='${exec_prefix}/lib'
libexecdir='${exec_prefix}/libexec'
localedir='${datarootdir}/locale'
localstatedir='${prefix}/var'
mandir='${datarootdir}/man'
mkdir_p='$(MKDIR_P)'
oldincludedir='/usr/include'
pdfdir='${docdir}'
pkgpyexecdir='${pyexecdir}/linux-gpib-user'
pkgpythondir='${pythondir}/linux-gpib-user'
prefix='/usr/local'
program_transform_name='s,x,x,'
psdir='${docdir}'
pyexecdir='${PYTHON_EXEC_PREFIX}/local/lib/python3.10/dist-packages'
pythondir='${PYTHON_PREFIX}/local/lib/python3.10/dist-packages'
runstatedir='${localstatedir}/run'
sbindir='${exec_prefix}/sbin'
sharedstatedir='${prefix}/com'
sysconfdir='${prefix}/etc'
target_alias=''

## ----------- ##
## confdefs.h. ##
## ----------- ##

/* confdefs.h */
#define PACKAGE_NAME "linux-gpib-user"
#define PACKAGE_TARNAME "linux-gpib-user"
#define PACKAGE_VERSION "4.3.6"
#define PACKAGE_STRING "linux-gpib-user 4.3.6"
#define PACKAGE_BUGREPORT ""
#define PACKAGE_URL ""
#define PACKAGE "linux-gpib-user"
#define VERSION "4.3.6"
#define YYTEXT_POINTER 1
#define HAVE_STDIO_H 1
#define HAVE_STDLIB_H 1
#define HAVE_STRING_H 1
#define HAVE_INTTYPES_H 1
#define HAVE_STDINT_H 1
#define HAVE_STRINGS_H 1
#define HAVE_SYS_STAT_H 1
#define HAVE_SYS_TYPES_H 1
#define HAVE_UNISTD_H 1
#define STDC_HEADERS 1
#define HAVE_DLFCN_H 1
#define LT_OBJDIR ".libs/"
#define HAVE_UNISTD_H 1
#define HAVE_SYS_PARAM_H 1
#define HAVE_SYS_TIME_H 1
#define HAVE_TIME_H 1
#define HAVE_SYS_SYSMACROS_H 1
#define HAVE_STRING_H 1
#define HAVE_MEMORY_H 1
#define HAVE_FCNTL_H 1
#define HAVE_DIRENT_H 1
#define HAVE_ALLOCA_H 1
#define HAVE_LOCALE_H 1
#define MAJOR_IN_SYSMACROS 1
#define HAVE_ALLOCA_H 1
#define HAVE_ALLOCA 1
#define HAVE_STRUCT_STAT_ST_BLOCKS 1
#define HAVE_ST_BLOCKS 1
#define HAVE_DIRENT_H 1
#define HAVE_MKFIFO 1
#define IBMAJOR 160
#define SYSCONFDIR "/usr/local/etc"

configure: exit 0
